D, [2014-06-19T11:32:11.941720 #2918] DEBUG -- :   [1m[36mMovie Load (0.2ms)[0m  [1mSELECT  "movies".* FROM "movies"  WHERE "movies"."title" = 'Jaws' LIMIT 1[0m
D, [2014-06-19T11:32:13.341854 #2918] DEBUG -- :   [1m[35m (0.1ms)[0m  begin transaction
D, [2014-06-19T11:32:13.352770 #2918] DEBUG -- :   [1m[36mSQL (0.4ms)[0m  [1mINSERT INTO "movies" ("actors", "director", "genre", "imdb_id", "poster", "rated", "released", "runtime", "title", "writer", "year") VALUES (?, ?, ?, ?, ?, ?, ?, ?, ?, ?, ?)[0m  [["actors", "Roy Scheider, Robert Shaw, Richard Dreyfuss, Lorraine Gary"], ["director", "Steven Spielberg"], ["genre", "Adventure, Horror, Thriller"], ["imdb_id", "this works"], ["poster", "http://ia.media-imdb.com/images/M/MV5BNDcxODkyMjY4MF5BMl5BanBnXkFtZTgwOTk5NTc5MDE@._V1_SX300.jpg"], ["rated", "PG"], ["released", "20 Jun 1975"], ["runtime", "124 min"], ["title", "Jaws"], ["writer", "Peter Benchley (screenplay), Carl Gottlieb (screenplay), Peter Benchley (novel)"], ["year", "1975"]]
D, [2014-06-19T11:32:13.353755 #2918] DEBUG -- :   [1m[35m (0.7ms)[0m  commit transaction
D, [2014-06-19T11:32:30.288090 #2918] DEBUG -- :   [1m[36mMovie Load (0.3ms)[0m  [1mSELECT  "movies".* FROM "movies"  WHERE "movies"."title" = 'Jaws' LIMIT 1[0m
D, [2014-06-19T11:32:31.397906 #2918] DEBUG -- :   [1m[35m (0.1ms)[0m  begin transaction
D, [2014-06-19T11:32:31.399058 #2918] DEBUG -- :   [1m[36mSQL (0.3ms)[0m  [1mINSERT INTO "movies" ("actors", "director", "genre", "imdb_id", "poster", "rated", "released", "runtime", "title", "writer", "year") VALUES (?, ?, ?, ?, ?, ?, ?, ?, ?, ?, ?)[0m  [["actors", "Roy Scheider, Robert Shaw, Richard Dreyfuss, Lorraine Gary"], ["director", "Steven Spielberg"], ["genre", "Adventure, Horror, Thriller"], ["imdb_id", "this works"], ["poster", "http://ia.media-imdb.com/images/M/MV5BNDcxODkyMjY4MF5BMl5BanBnXkFtZTgwOTk5NTc5MDE@._V1_SX300.jpg"], ["rated", "PG"], ["released", "20 Jun 1975"], ["runtime", "124 min"], ["title", "Jaws"], ["writer", "Peter Benchley (screenplay), Carl Gottlieb (screenplay), Peter Benchley (novel)"], ["year", "1975"]]
D, [2014-06-19T11:32:31.408183 #2918] DEBUG -- :   [1m[35m (8.9ms)[0m  commit transaction
D, [2014-06-19T11:32:31.959036 #2918] DEBUG -- :   [1m[36m (0.1ms)[0m  [1mbegin transaction[0m
D, [2014-06-19T11:32:31.960060 #2918] DEBUG -- :   [1m[35mSQL (0.3ms)[0m  INSERT INTO "movies" ("actors", "director", "genre", "imdb_id", "poster", "rated", "released", "runtime", "title", "writer", "year") VALUES (?, ?, ?, ?, ?, ?, ?, ?, ?, ?, ?)  [["actors", "Roy Scheider, Lorraine Gary, Murray Hamilton, Joseph Mascolo"], ["director", "Jeannot Szwarc"], ["genre", "Horror, Thriller"], ["imdb_id", "this works"], ["poster", "http://ia.media-imdb.com/images/M/MV5BMTY1MDg1MTg4MF5BMl5BanBnXkFtZTgwMTE3MDgyMTE@._V1_SX300.jpg"], ["rated", "PG"], ["released", "16 Jun 1978"], ["runtime", "116 min"], ["title", "Jaws 2"], ["writer", "Peter Benchley (characters created by), Carl Gottlieb, Howard Sackler"], ["year", "1978"]]
D, [2014-06-19T11:32:31.968852 #2918] DEBUG -- :   [1m[36m (8.3ms)[0m  [1mcommit transaction[0m
D, [2014-06-19T11:32:32.573940 #2918] DEBUG -- :   [1m[35m (0.1ms)[0m  begin transaction
D, [2014-06-19T11:32:32.574961 #2918] DEBUG -- :   [1m[36mSQL (0.3ms)[0m  [1mINSERT INTO "movies" ("actors", "director", "genre", "imdb_id", "poster", "rated", "released", "runtime", "title", "writer", "year") VALUES (?, ?, ?, ?, ?, ?, ?, ?, ?, ?, ?)[0m  [["actors", "Lorraine Gary, Lance Guest, Mario Van Peebles, Karen Young"], ["director", "Joseph Sargent"], ["genre", "Thriller"], ["imdb_id", "this works"], ["poster", "http://ia.media-imdb.com/images/M/MV5BMTU0MTM2MzU3N15BMl5BanBnXkFtZTYwNzk5Mjc4._V1_SX300.jpg"], ["rated", "PG-13"], ["released", "17 Jul 1987"], ["runtime", "89 min"], ["title", "Jaws: The Revenge"], ["writer", "Peter Benchley (characters), Michael De Guzman"], ["year", "1987"]]
D, [2014-06-19T11:32:32.584026 #2918] DEBUG -- :   [1m[35m (8.8ms)[0m  commit transaction
D, [2014-06-19T11:32:33.020440 #2918] DEBUG -- :   [1m[36m (0.1ms)[0m  [1mbegin transaction[0m
D, [2014-06-19T11:32:33.021391 #2918] DEBUG -- :   [1m[35mSQL (0.4ms)[0m  INSERT INTO "movies" ("actors", "director", "genre", "imdb_id", "poster", "rated", "released", "runtime", "title", "writer", "year") VALUES (?, ?, ?, ?, ?, ?, ?, ?, ?, ?, ?)  [["actors", "Dennis Quaid, Bess Armstrong, Simon MacCorkindale, Louis Gossett Jr."], ["director", "Joe Alves"], ["genre", "Horror"], ["imdb_id", "this works"], ["poster", "http://ia.media-imdb.com/images/M/MV5BMjEzMDEzODU4M15BMl5BanBnXkFtZTYwMDQ5Njg5._V1_SX300.jpg"], ["rated", "PG"], ["released", "22 Jul 1983"], ["runtime", "99 min"], ["title", "Jaws 3-D"], ["writer", "Peter Benchley (suggested by the novel \"Jaws\"), Richard Matheson (screenplay), Carl Gottlieb (screenplay), Guerdon Trueblood (story)"], ["year", "1983"]]
D, [2014-06-19T11:32:33.030640 #2918] DEBUG -- :   [1m[36m (8.9ms)[0m  [1mcommit transaction[0m
D, [2014-06-19T11:32:35.811614 #2918] DEBUG -- :   [1m[35m (0.1ms)[0m  begin transaction
D, [2014-06-19T11:32:35.812651 #2918] DEBUG -- :   [1m[36mSQL (0.3ms)[0m  [1mINSERT INTO "movies" ("actors", "director", "genre", "imdb_id", "poster", "rated", "released", "runtime", "title", "writer", "year") VALUES (?, ?, ?, ?, ?, ?, ?, ?, ?, ?, ?)[0m  [["actors", "Richard Jaeckel, Jennifer Bishop, Buffy Dee, Harold Sakata"], ["director", "William Grefe"], ["genre", "Horror, Thriller"], ["imdb_id", "this works"], ["poster", "http://ia.media-imdb.com/images/M/MV5BMTA3NzQxMzM5ODJeQTJeQWpwZ15BbWU3MDQzNDQ2MjE@._V1_SX300.jpg"], ["rated", "PG"], ["released", "01 Jul 1976"], ["runtime", "91 min"], ["title", "Mako: The Jaws of Death"], ["writer", "William Grefe (story), Robert W. Morgan (screenplay)"], ["year", "1976"]]
D, [2014-06-19T11:32:35.821113 #2918] DEBUG -- :   [1m[35m (8.2ms)[0m  commit transaction
D, [2014-06-19T11:34:46.622665 #2918] DEBUG -- :   [1m[36mMovie Load (0.1ms)[0m  [1mSELECT  "movies".* FROM "movies"  WHERE "movies"."title" = 'Jaws' LIMIT 1[0m
D, [2014-06-19T11:36:20.981803 #2918] DEBUG -- :   [1m[35mMovie Load (0.1ms)[0m  SELECT  "movies".* FROM "movies"  WHERE "movies"."title" = 'Jaws' LIMIT 1
D, [2014-06-19T11:36:25.862556 #2918] DEBUG -- :   [1m[36mMovie Load (0.2ms)[0m  [1mSELECT  "movies".* FROM "movies"  WHERE "movies"."title" = '' LIMIT 1[0m
D, [2014-06-19T11:36:31.649620 #2918] DEBUG -- :   [1m[35mMovie Load (0.2ms)[0m  SELECT  "movies".* FROM "movies"  WHERE "movies"."title" = 'Toy Story' LIMIT 1
D, [2014-06-19T11:42:52.530039 #2918] DEBUG -- :   [1m[36mMovie Load (0.1ms)[0m  [1mSELECT  "movies".* FROM "movies"  WHERE "movies"."title" = 'Toy Story' LIMIT 1[0m
D, [2014-06-19T11:42:58.669726 #2918] DEBUG -- :   [1m[35mMovie Load (0.3ms)[0m  SELECT  "movies".* FROM "movies"  WHERE "movies"."title" = '' LIMIT 1
